{"level":"info","time":"2021-11-21T23:40:16Z","message":"Thank you for trying Cloudflare Tunnel. Doing so, without a Cloudflare account, is a quick way to experiment and try it out. However, be aware that these account-less Tunnels have no uptime guarantee. If you intend to use Tunnels in production you should use a pre-created named tunnel by following: https://developers.cloudflare.com/cloudflare-one/connections/connect-apps"}
{"level":"info","time":"2021-11-21T23:40:16Z","message":"Requesting new quick Tunnel on trycloudflare.com..."}
{"level":"info","time":"2021-11-21T23:40:17Z","message":"+--------------------------------------------------------------------------------------------+"}
{"level":"info","time":"2021-11-21T23:40:17Z","message":"|  Your quick Tunnel has been created! Visit it at (it may take some time to be reachable):  |"}
{"level":"info","time":"2021-11-21T23:40:17Z","message":"|  https://identity-artificial-mg-style.trycloudflare.com                                    |"}
{"level":"info","time":"2021-11-21T23:40:17Z","message":"+--------------------------------------------------------------------------------------------+"}
{"level":"info","time":"2021-11-21T23:40:17Z","message":"Cannot determine default configuration path. No file [config.yml config.yaml] in [~/.cloudflared ~/.cloudflare-warp ~/cloudflare-warp /etc/cloudflared /usr/local/etc/cloudflared]"}
{"level":"info","time":"2021-11-21T23:40:17Z","message":"Version 2021.11.0"}
{"level":"info","time":"2021-11-21T23:40:17Z","message":"GOOS: linux, GOVersion: devel +a84af465cb Mon Aug 9 10:31:00 2021 -0700, GoArch: amd64"}
{"level":"info","time":"2021-11-21T23:40:17Z","message":"Settings: map[logfile:./cloudflared.log metrics:localhost:45678 protocol:quic url:ssh://localhost:22]"}
{"level":"info","autoupdateFreq":86400000,"time":"2021-11-21T23:40:17Z","message":"Autoupdate frequency is set"}
{"level":"info","time":"2021-11-21T23:40:17Z","message":"Generated Connector ID: 3177c40a-50cd-4ce9-a58b-82800cf26e0e"}
{"level":"info","time":"2021-11-21T23:40:17Z","message":"Initial protocol quic"}
{"level":"info","time":"2021-11-21T23:40:17Z","message":"Starting metrics server on 127.0.0.1:45678/metrics"}
{"level":"error","time":"2021-11-21T23:40:17Z","message":"Failed to create new quic connection, err: Unauthorized: Record for tunnel not found"}
{"level":"error","connIndex":0,"error":"Unauthorized: Record for tunnel not found","time":"2021-11-21T23:40:17Z","message":"Register tunnel error from server side"}
{"level":"info","connIndex":0,"time":"2021-11-21T23:40:18Z","message":"Retrying connection in up to 2s seconds"}
{"level":"error","time":"2021-11-21T23:40:18Z","message":"Failed to create new quic connection, err: Unauthorized: Record for tunnel not found"}
{"level":"error","connIndex":0,"error":"Unauthorized: Record for tunnel not found","time":"2021-11-21T23:40:18Z","message":"Register tunnel error from server side"}
{"level":"info","connIndex":0,"time":"2021-11-21T23:40:18Z","message":"Retrying connection in up to 4s seconds"}
{"level":"info","connIndex":0,"location":"TPE","time":"2021-11-21T23:40:21Z","message":"Connection 62c68385-ddb2-4739-8116-9a51ea29d3e1 registered"}
{"level":"info","connIndex":1,"location":"HKG","time":"2021-11-21T23:40:22Z","message":"Connection eff22a79-3f0f-4381-b3c9-a788aa0e73f2 registered"}
{"level":"info","connIndex":2,"location":"TPE","time":"2021-11-21T23:40:23Z","message":"Connection 7d981a1f-10a0-4019-8648-64fd24e0cfd4 registered"}
{"level":"info","connIndex":3,"location":"HKG","time":"2021-11-21T23:40:24Z","message":"Connection 27607ce9-b75e-4796-9a88-0ea93bf3446b registered"}
